[INFO] Scanning for projects...
[INFO] 
[INFO] -----------------------< com.app:eureka-server >------------------------
[INFO] Building eureka-server 1.0.0
[INFO] --------------------------------[ jar ]---------------------------------
[INFO] 
[INFO] >>> spring-boot-maven-plugin:3.4.3:run (default-cli) > test-compile @ eureka-server >>>
[INFO] 
[INFO] --- maven-resources-plugin:3.3.1:resources (default-resources) @ eureka-server ---
[INFO] Copying 3 resources from src\main\resources to target\classes
[INFO] Copying 0 resource from src\main\resources to target\classes
[INFO] 
[INFO] --- maven-compiler-plugin:3.13.0:compile (default-compile) @ eureka-server ---
[INFO] Nothing to compile - all classes are up to date.
[INFO] 
[INFO] --- maven-resources-plugin:3.3.1:testResources (default-testResources) @ eureka-server ---
[INFO] skip non existing resourceDirectory D:\Training\qmp\QuantityMeasurementApp\eureka-server\src\test\resources
[INFO] 
[INFO] --- maven-compiler-plugin:3.13.0:testCompile (default-testCompile) @ eureka-server ---
[INFO] Nothing to compile - all classes are up to date.
[INFO] 
[INFO] <<< spring-boot-maven-plugin:3.4.3:run (default-cli) < test-compile @ eureka-server <<<
[INFO] 
[INFO] 
[INFO] --- spring-boot-maven-plugin:3.4.3:run (default-cli) @ eureka-server ---
[INFO] Attaching agents: []

  .   ____          _            __ _ _
 /\\ / ___'_ __ _ _(_)_ __  __ _ \ \ \ \
( ( )\___ | '_ | '_| | '_ \/ _` | \ \ \ \
 \\/  ___)| |_)| | | | | || (_| |  ) ) ) )
  '  |____| .__|_| |_|_| |_\__, | / / / /
 =========|_|==============|___/=/_/_/_/

 :: Spring Boot ::                (v3.4.3)

2026-04-16T13:09:42.426+05:30  INFO 7444 --- [eureka-server] [           main] c.a.e.EurekaServerApplication            : Starting EurekaServerApplication using Java 23.0.1 with PID 7444 (D:\Training\qmp\QuantityMeasurementApp\eureka-server\target\classes started by shravan in D:\Training\qmp\QuantityMeasurementApp\eureka-server)
2026-04-16T13:09:42.432+05:30  INFO 7444 --- [eureka-server] [           main] c.a.e.EurekaServerApplication            : The following 1 profile is active: "dev"
2026-04-16T13:09:44.853+05:30  INFO 7444 --- [eureka-server] [           main] o.s.cloud.context.scope.GenericScope     : BeanFactory id=164806ee-62fb-3321-8deb-4ea4d946ea58
2026-04-16T13:09:45.564+05:30  INFO 7444 --- [eureka-server] [           main] o.s.b.w.embedded.tomcat.TomcatWebServer  : Tomcat initialized with port 8761 (http)
2026-04-16T13:09:45.595+05:30  INFO 7444 --- [eureka-server] [           main] o.apache.catalina.core.StandardService   : Starting service [Tomcat]
2026-04-16T13:09:45.595+05:30  INFO 7444 --- [eureka-server] [           main] o.apache.catalina.core.StandardEngine    : Starting Servlet engine: [Apache Tomcat/10.1.36]
2026-04-16T13:09:45.744+05:30  INFO 7444 --- [eureka-server] [           main] o.a.c.c.C.[Tomcat].[localhost].[/]       : Initializing Spring embedded WebApplicationContext
2026-04-16T13:09:45.746+05:30  INFO 7444 --- [eureka-server] [           main] w.s.c.ServletWebServerApplicationContext : Root WebApplicationContext: initialization completed in 3154 ms
2026-04-16T13:09:47.875+05:30  INFO 7444 --- [eureka-server] [           main] c.n.d.provider.DiscoveryJerseyProvider   : Using JSON encoding codec LegacyJacksonJson
2026-04-16T13:09:47.878+05:30  INFO 7444 --- [eureka-server] [           main] c.n.d.provider.DiscoveryJerseyProvider   : Using JSON decoding codec LegacyJacksonJson
2026-04-16T13:09:48.368+05:30  INFO 7444 --- [eureka-server] [           main] c.n.d.provider.DiscoveryJerseyProvider   : Using XML encoding codec XStreamXml
2026-04-16T13:09:48.369+05:30  INFO 7444 --- [eureka-server] [           main] c.n.d.provider.DiscoveryJerseyProvider   : Using XML decoding codec XStreamXml
2026-04-16T13:09:48.736+05:30  INFO 7444 --- [eureka-server] [           main] o.s.v.b.OptionalValidatorFactoryBean     : Failed to set up a Bean Validation provider: jakarta.validation.NoProviderFoundException: Unable to create a Configuration, because no Jakarta Bean Validation provider could be found. Add a provider like Hibernate Validator (RI) to your classpath.
2026-04-16T13:09:50.053+05:30  WARN 7444 --- [eureka-server] [           main] iguration$LoadBalancerCaffeineWarnLogger : Spring Cloud LoadBalancer is currently working with the default cache. While this cache implementation is useful for development and tests, it's recommended to use Caffeine cache in production.You can switch to using Caffeine cache, by adding it and org.springframework.cache.caffeine.CaffeineCacheManager to the classpath.
2026-04-16T13:09:50.090+05:30  INFO 7444 --- [eureka-server] [           main] o.s.c.n.eureka.InstanceInfoFactory       : Setting initial instance status as: STARTING
2026-04-16T13:09:50.150+05:30  INFO 7444 --- [eureka-server] [           main] com.netflix.discovery.DiscoveryClient    : Initializing Eureka in region us-east-1
2026-04-16T13:09:50.150+05:30  INFO 7444 --- [eureka-server] [           main] com.netflix.discovery.DiscoveryClient    : Client configured to neither register nor query for data.
2026-04-16T13:09:50.156+05:30  INFO 7444 --- [eureka-server] [           main] com.netflix.discovery.DiscoveryClient    : Discovery Client initialized at timestamp 1776325190152 with initial instances count: 0
2026-04-16T13:09:50.246+05:30  INFO 7444 --- [eureka-server] [           main] c.n.eureka.DefaultEurekaServerContext    : Initializing ...
2026-04-16T13:09:50.250+05:30  WARN 7444 --- [eureka-server] [           main] c.n.eureka.cluster.PeerEurekaNodes       : The replica size seems to be empty. Check the route 53 DNS Registry
2026-04-16T13:09:50.270+05:30  INFO 7444 --- [eureka-server] [           main] c.n.e.registry.AbstractInstanceRegistry  : Finished initializing remote region registries. All known remote regions: []
2026-04-16T13:09:50.271+05:30  INFO 7444 --- [eureka-server] [           main] c.n.eureka.DefaultEurekaServerContext    : Initialized
2026-04-16T13:09:50.297+05:30  INFO 7444 --- [eureka-server] [           main] o.s.b.a.e.web.EndpointLinksResolver      : Exposing 3 endpoints beneath base path '/actuator'
2026-04-16T13:09:50.499+05:30  INFO 7444 --- [eureka-server] [           main] o.s.c.n.e.s.EurekaServiceRegistry        : Registering application EUREKA-SERVER with eureka with status UP
2026-04-16T13:09:50.517+05:30  INFO 7444 --- [eureka-server] [       Thread-9] o.s.c.n.e.server.EurekaServerBootstrap   : isAws returned false
2026-04-16T13:09:50.518+05:30  INFO 7444 --- [eureka-server] [       Thread-9] o.s.c.n.e.server.EurekaServerBootstrap   : Initialized server context
2026-04-16T13:09:50.518+05:30  INFO 7444 --- [eureka-server] [       Thread-9] c.n.e.r.PeerAwareInstanceRegistryImpl    : Got 1 instances from neighboring DS node
2026-04-16T13:09:50.518+05:30  INFO 7444 --- [eureka-server] [       Thread-9] c.n.e.r.PeerAwareInstanceRegistryImpl    : Renew threshold is: 1
2026-04-16T13:09:50.519+05:30  INFO 7444 --- [eureka-server] [       Thread-9] c.n.e.r.PeerAwareInstanceRegistryImpl    : Changing status to UP
2026-04-16T13:09:50.523+05:30  INFO 7444 --- [eureka-server] [       Thread-9] e.s.EurekaServerInitializerConfiguration : Started Eureka Server
2026-04-16T13:09:50.524+05:30  INFO 7444 --- [eureka-server] [           main] o.s.c.n.e.s.EurekaServiceRegistry        : Unregistering application EUREKA-SERVER with eureka with status DOWN
2026-04-16T13:09:50.524+05:30  INFO 7444 --- [eureka-server] [           main] o.s.c.n.e.server.EurekaServerBootstrap   : Shutting down Eureka Server..
2026-04-16T13:09:50.525+05:30  INFO 7444 --- [eureka-server] [           main] c.n.eureka.DefaultEurekaServerContext    : Shutting down ...
2026-04-16T13:09:50.525+05:30  INFO 7444 --- [eureka-server] [           main] c.n.eureka.DefaultEurekaServerContext    : Shut down
2026-04-16T13:09:50.526+05:30  INFO 7444 --- [eureka-server] [           main] o.s.c.n.e.server.EurekaServerBootstrap   : Eureka Service is now shutdown...
2026-04-16T13:09:50.526+05:30  WARN 7444 --- [eureka-server] [           main] ConfigServletWebServerApplicationContext : Exception encountered during context initialization - cancelling refresh attempt: org.springframework.context.ApplicationContextException: Failed to start bean 'webServerStartStop'
2026-04-16T13:09:50.527+05:30  INFO 7444 --- [eureka-server] [           main] c.n.eureka.DefaultEurekaServerContext    : Shutting down ...
2026-04-16T13:09:50.527+05:30  INFO 7444 --- [eureka-server] [           main] c.n.eureka.DefaultEurekaServerContext    : Shut down
2026-04-16T13:09:50.532+05:30  INFO 7444 --- [eureka-server] [           main] com.netflix.discovery.DiscoveryClient    : Shutting down DiscoveryClient ...
2026-04-16T13:09:50.532+05:30  INFO 7444 --- [eureka-server] [           main] com.netflix.discovery.DiscoveryClient    : Completed shut down of DiscoveryClient
2026-04-16T13:09:50.574+05:30  INFO 7444 --- [eureka-server] [           main] .s.b.a.l.ConditionEvaluationReportLogger : 

Error starting ApplicationContext. To display the condition evaluation report re-run your application with 'debug' enabled.
2026-04-16T13:09:50.610+05:30 ERROR 7444 --- [eureka-server] [           main] o.s.b.d.LoggingFailureAnalysisReporter   : 

***************************
APPLICATION FAILED TO START
***************************

Description:

Web server failed to start. Port 8761 was already in use.

Action:

Identify and stop the process that's listening on port 8761 or configure this application to listen on another port.

[INFO] ------------------------------------------------------------------------
[INFO] BUILD FAILURE
[INFO] ------------------------------------------------------------------------
[INFO] Total time:  16.364 s
[INFO] Finished at: 2026-04-16T13:09:50+05:30
[INFO] ------------------------------------------------------------------------
[ERROR] Failed to execute goal org.springframework.boot:spring-boot-maven-plugin:3.4.3:run (default-cli) on project eureka-server: Process terminated with exit code: 1 -> [Help 1]
[ERROR] 
[ERROR] To see the full stack trace of the errors, re-run Maven with the -e switch.
[ERROR] Re-run Maven using the -X switch to enable full debug logging.
[ERROR] 
[ERROR] For more information about the errors and possible solutions, please read the following articles:
[ERROR] [Help 1] http://cwiki.apache.org/confluence/display/MAVEN/MojoExecutionException
